0 info it worked if it ends with ok
1 verbose cli [ '/usr/local/bin/node',
1 verbose cli   '/usr/local/bin/npm',
1 verbose cli   'run',
1 verbose cli   'build_osx' ]
2 info using npm@3.10.10
3 info using node@v6.11.4
4 verbose run-script [ 'prebuild_osx', 'build_osx', 'postbuild_osx' ]
5 info lifecycle Paradise@0.1.0~prebuild_osx: Paradise@0.1.0
6 silly lifecycle Paradise@0.1.0~prebuild_osx: no script for prebuild_osx, continuing
7 info lifecycle Paradise@0.1.0~build_osx: Paradise@0.1.0
8 verbose lifecycle Paradise@0.1.0~build_osx: unsafe-perm in lifecycle true
9 verbose lifecycle Paradise@0.1.0~build_osx: PATH: /usr/local/lib/node_modules/npm/bin/node-gyp-bin:/Users/VillaMoirai/Github/HundredRabbits/Paradise/desktop/node_modules/.bin:/usr/local/lib/node_modules/npm/bin/node-gyp-bin:/Users/VillaMoirai/Github/HundredRabbits/Paradise/desktop/node_modules/.bin://anaconda/bin:/usr/local/bin:/usr/bin:/bin:/usr/sbin:/sbin:~/Github/Neauoire/Jiin:/opt/X11/bin:/Applications/Muse
10 verbose lifecycle Paradise@0.1.0~build_osx: CWD: /Users/VillaMoirai/Github/HundredRabbits/Paradise/desktop
11 silly lifecycle Paradise@0.1.0~build_osx: Args: [ '-c',
11 silly lifecycle   'electron-packager . Paradise --platform=darwin --arch=x64 --out ~/Desktop/ --overwrite --icon=icon.icns && echo \'Built for OSX\'' ]
12 silly lifecycle Paradise@0.1.0~build_osx: Returned: code: 1  signal: null
13 info lifecycle Paradise@0.1.0~build_osx: Failed to exec build_osx script
14 verbose stack Error: Paradise@0.1.0 build_osx: `electron-packager . Paradise --platform=darwin --arch=x64 --out ~/Desktop/ --overwrite --icon=icon.icns && echo 'Built for OSX'`
14 verbose stack Exit status 1
14 verbose stack     at EventEmitter.<anonymous> (/usr/local/lib/node_modules/npm/lib/utils/lifecycle.js:255:16)
14 verbose stack     at emitTwo (events.js:106:13)
14 verbose stack     at EventEmitter.emit (events.js:191:7)
14 verbose stack     at ChildProcess.<anonymous> (/usr/local/lib/node_modules/npm/lib/utils/spawn.js:40:14)
14 verbose stack     at emitTwo (events.js:106:13)
14 verbose stack     at ChildProcess.emit (events.js:191:7)
14 verbose stack     at maybeClose (internal/child_process.js:920:16)
14 verbose stack     at Process.ChildProcess._handle.onexit (internal/child_process.js:230:5)
15 verbose pkgid Paradise@0.1.0
16 verbose cwd /Users/VillaMoirai/Github/HundredRabbits/Paradise/desktop
17 error Darwin 16.7.0
18 error argv "/usr/local/bin/node" "/usr/local/bin/npm" "run" "build_osx"
19 error node v6.11.4
20 error npm  v3.10.10
21 error code ELIFECYCLE
22 error Paradise@0.1.0 build_osx: `electron-packager . Paradise --platform=darwin --arch=x64 --out ~/Desktop/ --overwrite --icon=icon.icns && echo 'Built for OSX'`
22 error Exit status 1
23 error Failed at the Paradise@0.1.0 build_osx script 'electron-packager . Paradise --platform=darwin --arch=x64 --out ~/Desktop/ --overwrite --icon=icon.icns && echo 'Built for OSX''.
23 error Make sure you have the latest version of node.js and npm installed.
23 error If you do, this is most likely a problem with the Paradise package,
23 error not with npm itself.
23 error Tell the author that this fails on your system:
23 error     electron-packager . Paradise --platform=darwin --arch=x64 --out ~/Desktop/ --overwrite --icon=icon.icns && echo 'Built for OSX'
23 error You can get information on how to open an issue for this project with:
23 error     npm bugs Paradise
23 error Or if that isn't available, you can get their info via:
23 error     npm owner ls Paradise
23 error There is likely additional logging output above.
24 verbose exit [ 1, true ]
